<html>
<head>
<title>TestNG:  Test</title>
<link href="../testng.css" rel="stylesheet" type="text/css" />
<link href="../my-testng.css" rel="stylesheet" type="text/css" />

<style type="text/css">
.log { display: none;} 
.stack-trace { display: none;} 
</style>
<script type="text/javascript">
<!--
function flip(e) {
  current = e.style.display;
  if (current == 'block') {
    e.style.display = 'none';
    return 0;
  }
  else {
    e.style.display = 'block';
    return 1;
  }
}

function toggleBox(szDivId, elem, msg1, msg2)
{
  var res = -1;  if (document.getElementById) {
    res = flip(document.getElementById(szDivId));
  }
  else if (document.all) {
    // this is the way old msie versions work
    res = flip(document.all[szDivId]);
  }
  if(elem) {
    if(res == 0) elem.innerHTML = msg1; else elem.innerHTML = msg2;
  }

}

function toggleAllBoxes() {
  if (document.getElementsByTagName) {
    d = document.getElementsByTagName('div');
    for (i = 0; i < d.length; i++) {
      if (d[i].className == 'log') {
        flip(d[i]);
      }
    }
  }
}

// -->
</script>

</head>
<body>
<h2 align='center'>Test</h2><table border='1' align="center">
<tr>
<td>Tests passed/Failed/Skipped:</td><td>15/0/1</td>
</tr><tr>
<td>Started on:</td><td>Mon Mar 24 22:56:07 IST 2025</td>
</tr>
<tr><td>Total time:</td><td>269 seconds (269389 ms)</td>
</tr><tr>
<td>Included groups:</td><td></td>
</tr><tr>
<td>Excluded groups:</td><td></td>
</tr>
</table><p/>
<small><i>(Hover the method name to see the test class name)</i></small><p/>
<table width='100%' border='1' class='invocation-passed'>
<tr><td colspan='4' align='center'><b>PASSED TESTS</b></td></tr>
<tr><td><b>Test method</b></td>
<td><b>Attribute(s)</b></td>
<td width="30%"><b>Exception</b></td>
<td width="10%"><b>Time (seconds)</b></td>
<td><b>Instance</b></td>
</tr>
<tr>
<td title='testClasses.UsersPageTestClass.verifyUserIsAdded()'><b>verifyUserIsAdded</b><br>Test class: testClasses.UsersPageTestClass</td>
<td></td>
<td>15</td>
<td>testClasses.UsersPageTestClass@2f666ebb</td></tr>
<tr>
<td title='testClasses.LoginPageTestClass.verifySuccessfulLogin()'><b>verifySuccessfulLogin</b><br>Test class: testClasses.LoginPageTestClass<br>Parameters: admin, 123456</td>
<td></td>
<td>12</td>
<td>testClasses.LoginPageTestClass@4bc222e</td></tr>
<tr>
<td title='testClasses.DashboardPageTestClass.verifyTheToolTipInTodaysProfitIcon()'><b>verifyTheToolTipInTodaysProfitIcon</b><br>Test class: testClasses.DashboardPageTestClass</td>
<td></td>
<td>4</td>
<td>testClasses.DashboardPageTestClass@2dc9b0f5</td></tr>
<tr>
<td title='testClasses.LoginPageTestClass.verifyResetPasswordPageOpensWhileClickingOnThe_ForgotYourPassword_Link()'><b>verifyResetPasswordPageOpensWhileClickingOnThe_ForgotYourPassword_Link</b><br>Test class: testClasses.LoginPageTestClass</td>
<td></td>
<td>1</td>
<td>testClasses.LoginPageTestClass@4bc222e</td></tr>
<tr>
<td title='testClasses.LoginPageTestClass.verifyTheExactPageIsOpenWhileHittingTheUrl()'><b>verifyTheExactPageIsOpenWhileHittingTheUrl</b><br>Test class: testClasses.LoginPageTestClass</td>
<td></td>
<td>0</td>
<td>testClasses.LoginPageTestClass@4bc222e</td></tr>
<tr>
<td title='testClasses.LoginPageTestClass.verifyUnsuccessfulLogin()'><b>verifyUnsuccessfulLogin</b><br>Test class: testClasses.LoginPageTestClass<br>Parameters: admi, 12345</td>
<td></td>
<td>1</td>
<td>testClasses.LoginPageTestClass@4bc222e</td></tr>
<tr>
<td title='testClasses.UsersPageTestClass.verifyEditUserpageAppearsWhileClickingOnTheEditButton()'><b>verifyEditUserpageAppearsWhileClickingOnTheEditButton</b><br>Test class: testClasses.UsersPageTestClass</td>
<td></td>
<td>18</td>
<td>testClasses.UsersPageTestClass@2f666ebb</td></tr>
<tr>
<td title='testClasses.UsersPageTestClass.verifyErrorMessageAppearsifMandatoryField_firstName_IsNotProvided()'><b>verifyErrorMessageAppearsifMandatoryField_firstName_IsNotProvided</b><br>Test class: testClasses.UsersPageTestClass</td>
<td></td>
<td>11</td>
<td>testClasses.UsersPageTestClass@2f666ebb</td></tr>
<tr>
<td title='testClasses.DashboardPageTestClass.verifyUsersPageOpensWhileClickingOnThe_UserManagement()'><b>verifyUsersPageOpensWhileClickingOnThe_UserManagement</b><br>Test class: testClasses.DashboardPageTestClass</td>
<td></td>
<td>7</td>
<td>testClasses.DashboardPageTestClass@2dc9b0f5</td></tr>
<tr>
<td title='testClasses.UsersPageTestClass.verifyThe_AddedUser_CanBeDeleted()'><b>verifyThe_AddedUser_CanBeDeleted</b><br>Test class: testClasses.UsersPageTestClass</td>
<td></td>
<td>16</td>
<td>testClasses.UsersPageTestClass@2f666ebb</td></tr>
<tr>
<td title='testClasses.UsersPageTestClass.verifyAConfirmationPopUpAppearsWhileDeletingAnUser()'><b>verifyAConfirmationPopUpAppearsWhileDeletingAnUser</b><br>Test class: testClasses.UsersPageTestClass</td>
<td></td>
<td>19</td>
<td>testClasses.UsersPageTestClass@2f666ebb</td></tr>
<tr>
<td title='testClasses.UsersPageTestClass.verifyThe_IsActive_checkboxIsSelectedByDefault()'><b>verifyThe_IsActive_checkboxIsSelectedByDefault</b><br>Test class: testClasses.UsersPageTestClass</td>
<td></td>
<td>13</td>
<td>testClasses.UsersPageTestClass@2f666ebb</td></tr>
<tr>
<td title='testClasses.UsersPageTestClass.verifyThe_AddedUser_CanBeEdited()'><b>verifyThe_AddedUser_CanBeEdited</b><br>Test class: testClasses.UsersPageTestClass</td>
<td></td>
<td>26</td>
<td>testClasses.UsersPageTestClass@2f666ebb</td></tr>
<tr>
<td title='testClasses.LoginPageTestClass.verifyUnsuccessfulLogin()'><b>verifyUnsuccessfulLogin</b><br>Test class: testClasses.LoginPageTestClass<br>Parameters: admin, 12345</td>
<td></td>
<td>1</td>
<td>testClasses.LoginPageTestClass@4bc222e</td></tr>
<tr>
<td title='testClasses.LoginPageTestClass.verifyUnsuccessfulLogin()'><b>verifyUnsuccessfulLogin</b><br>Test class: testClasses.LoginPageTestClass<br>Parameters: adm, 123456</td>
<td></td>
<td>1</td>
<td>testClasses.LoginPageTestClass@4bc222e</td></tr>
</table><p>
<table width='100%' border='1' class='invocation-skipped'>
<tr><td colspan='4' align='center'><b>SKIPPED TESTS</b></td></tr>
<tr><td><b>Test method</b></td>
<td><b>Attribute(s)</b></td>
<td width="30%"><b>Exception</b></td>
<td width="10%"><b>Time (seconds)</b></td>
<td><b>Instance</b></td>
</tr>
<tr>
<td title='testClasses.UsersPageTestClass.verifyThe_AddedUser_CanBeDeleted()'><b>verifyThe_AddedUser_CanBeDeleted</b><br>Test class: testClasses.UsersPageTestClass</td>
<td><div><pre>org.openqa.selenium.NoSuchElementException: no such element: Unable to locate element: {&quot;method&quot;:&quot;xpath&quot;,&quot;selector&quot;:&quot;//table/tbody/tr/td[text()=&apos;No matching records found&apos;]&quot;}
  (Session info: chrome=134.0.6998.118)
For documentation on this error, please visit: https://www.selenium.dev/documentation/webdriver/troubleshooting/errors#no-such-element-exception
Build info: version: &apos;4.27.0&apos;, revision: &apos;d6e718d134&apos;
System info: os.name: &apos;Windows 10&apos;, os.arch: &apos;amd64&apos;, os.version: &apos;10.0&apos;, java.version: &apos;21.0.5&apos;
Driver info: org.openqa.selenium.chrome.ChromeDriver
Command: [934234b8232992fc81499a9e7a6f37a9, findElement {value=//table/tbody/tr/td[text()=&apos;No matching records found&apos;], using=xpath}]
Capabilities {acceptInsecureCerts: false, browserName: chrome, browserVersion: 134.0.6998.118, chrome: {chromedriverVersion: 134.0.6998.165 (fd886e2cb29..., userDataDir: C:\Users\91949\AppData\Loca...}, fedcm:accounts: true, goog:chromeOptions: {debuggerAddress: localhost:63222}, networkConnectionEnabled: false, pageLoadStrategy: normal, platformName: windows, proxy: Proxy(), se:cdp: ws://localhost:63222/devtoo..., se:cdpVersion: 134.0.6998.118, setWindowRect: true, strictFileInteractability: false, timeouts: {implicit: 0, pageLoad: 300000, script: 30000}, unhandledPromptBehavior: dismiss and notify, webauthn:extension:credBlob: true, webauthn:extension:largeBlob: true, webauthn:extension:minPinLength: true, webauthn:extension:prf: true, webauthn:virtualAuthenticators: true}
Session ID: 934234b8232992fc81499a9e7a6f37a9
	at org.openqa.selenium.remote.ErrorCodec.decode(ErrorCodec.java:167)
	at org.openqa.selenium.remote.codec.w3c.W3CHttpResponseCodec.decode(W3CHttpResponseCodec.java:138)
	at org.openqa.selenium.remote.codec.w3c.W3CHttpResponseCodec.decode(W3CHttpResponseCodec.java:50)
	at org.openqa.selenium.remote.HttpCommandExecutor.execute(HttpCommandExecutor.java:190)
	at org.openqa.selenium.remote.service.DriverCommandExecutor.invokeExecute(DriverCommandExecutor.java:216)
	at org.openqa.selenium.remote.service.DriverCommandExecutor.execute(DriverCommandExecutor.java:174)
	at org.openqa.selenium.remote.RemoteWebDriver.execute(RemoteWebDriver.java:545)
	at org.openqa.selenium.remote.ElementLocation$ElementFinder$2.findElement(ElementLocation.java:165)
	at org.openqa.selenium.remote.ElementLocation.findElement(ElementLocation.java:59)
	at org.openqa.selenium.remote.RemoteWebDriver.findElement(RemoteWebDriver.java:368)
	at org.openqa.selenium.remote.RemoteWebDriver.findElement(RemoteWebDriver.java:362)
	at org.openqa.selenium.support.pagefactory.DefaultElementLocator.findElement(DefaultElementLocator.java:68)
	at org.openqa.selenium.support.pagefactory.internal.LocatingElementHandler.invoke(LocatingElementHandler.java:38)
	at jdk.proxy2/jdk.proxy2.$Proxy16.getText(Unknown Source)
	at utilities.GeneralUtilities.getTextOfElement(GeneralUtilities.java:17)
	at elementRepository.UsersPage.messageAfterDeletingUser(UsersPage.java:143)
	at testClasses.UsersPageTestClass.verifyThe_AddedUser_CanBeDeleted(UsersPageTestClass.java:99)
	at java.base/java.util.ArrayList.forEach(ArrayList.java:1596)
... Removed 28 stack frames</pre></div><a href='#' onClick='toggleBox("stack-trace423539130", this, "Click to show all stack frames", "Click to hide stack frames")'>Click to show all stack frames</a>
<div class='stack-trace' id='stack-trace423539130'><pre>org.openqa.selenium.NoSuchElementException: no such element: Unable to locate element: {&quot;method&quot;:&quot;xpath&quot;,&quot;selector&quot;:&quot;//table/tbody/tr/td[text()=&apos;No matching records found&apos;]&quot;}
  (Session info: chrome=134.0.6998.118)
For documentation on this error, please visit: https://www.selenium.dev/documentation/webdriver/troubleshooting/errors#no-such-element-exception
Build info: version: &apos;4.27.0&apos;, revision: &apos;d6e718d134&apos;
System info: os.name: &apos;Windows 10&apos;, os.arch: &apos;amd64&apos;, os.version: &apos;10.0&apos;, java.version: &apos;21.0.5&apos;
Driver info: org.openqa.selenium.chrome.ChromeDriver
Command: [934234b8232992fc81499a9e7a6f37a9, findElement {value=//table/tbody/tr/td[text()=&apos;No matching records found&apos;], using=xpath}]
Capabilities {acceptInsecureCerts: false, browserName: chrome, browserVersion: 134.0.6998.118, chrome: {chromedriverVersion: 134.0.6998.165 (fd886e2cb29..., userDataDir: C:\Users\91949\AppData\Loca...}, fedcm:accounts: true, goog:chromeOptions: {debuggerAddress: localhost:63222}, networkConnectionEnabled: false, pageLoadStrategy: normal, platformName: windows, proxy: Proxy(), se:cdp: ws://localhost:63222/devtoo..., se:cdpVersion: 134.0.6998.118, setWindowRect: true, strictFileInteractability: false, timeouts: {implicit: 0, pageLoad: 300000, script: 30000}, unhandledPromptBehavior: dismiss and notify, webauthn:extension:credBlob: true, webauthn:extension:largeBlob: true, webauthn:extension:minPinLength: true, webauthn:extension:prf: true, webauthn:virtualAuthenticators: true}
Session ID: 934234b8232992fc81499a9e7a6f37a9
	at java.base/jdk.internal.reflect.DirectConstructorHandleAccessor.newInstance(DirectConstructorHandleAccessor.java:62)
	at java.base/java.lang.reflect.Constructor.newInstanceWithCaller(Constructor.java:502)
	at java.base/java.lang.reflect.Constructor.newInstance(Constructor.java:486)
	at org.openqa.selenium.remote.ErrorCodec.decode(ErrorCodec.java:167)
	at org.openqa.selenium.remote.codec.w3c.W3CHttpResponseCodec.decode(W3CHttpResponseCodec.java:138)
	at org.openqa.selenium.remote.codec.w3c.W3CHttpResponseCodec.decode(W3CHttpResponseCodec.java:50)
	at org.openqa.selenium.remote.HttpCommandExecutor.execute(HttpCommandExecutor.java:190)
	at org.openqa.selenium.remote.service.DriverCommandExecutor.invokeExecute(DriverCommandExecutor.java:216)
	at org.openqa.selenium.remote.service.DriverCommandExecutor.execute(DriverCommandExecutor.java:174)
	at org.openqa.selenium.remote.RemoteWebDriver.execute(RemoteWebDriver.java:545)
	at org.openqa.selenium.remote.ElementLocation$ElementFinder$2.findElement(ElementLocation.java:165)
	at org.openqa.selenium.remote.ElementLocation.findElement(ElementLocation.java:59)
	at org.openqa.selenium.remote.RemoteWebDriver.findElement(RemoteWebDriver.java:368)
	at org.openqa.selenium.remote.RemoteWebDriver.findElement(RemoteWebDriver.java:362)
	at org.openqa.selenium.support.pagefactory.DefaultElementLocator.findElement(DefaultElementLocator.java:68)
	at org.openqa.selenium.support.pagefactory.internal.LocatingElementHandler.invoke(LocatingElementHandler.java:38)
	at jdk.proxy2/jdk.proxy2.$Proxy16.getText(Unknown Source)
	at utilities.GeneralUtilities.getTextOfElement(GeneralUtilities.java:17)
	at elementRepository.UsersPage.messageAfterDeletingUser(UsersPage.java:143)
	at testClasses.UsersPageTestClass.verifyThe_AddedUser_CanBeDeleted(UsersPageTestClass.java:99)
	at java.base/jdk.internal.reflect.DirectMethodHandleAccessor.invoke(DirectMethodHandleAccessor.java:103)
	at java.base/java.lang.reflect.Method.invoke(Method.java:580)
	at org.testng.internal.invokers.MethodInvocationHelper.invokeMethod(MethodInvocationHelper.java:141)
	at org.testng.internal.invokers.TestInvoker.invokeMethod(TestInvoker.java:686)
	at org.testng.internal.invokers.TestInvoker.invokeTestMethod(TestInvoker.java:230)
	at org.testng.internal.invokers.MethodRunner.runInSequence(MethodRunner.java:63)
	at org.testng.internal.invokers.TestInvoker$MethodInvocationAgent.invoke(TestInvoker.java:992)
	at org.testng.internal.invokers.TestInvoker.invokeTestMethods(TestInvoker.java:203)
	at org.testng.internal.invokers.TestMethodWorker.invokeTestMethods(TestMethodWorker.java:154)
	at org.testng.internal.invokers.TestMethodWorker.run(TestMethodWorker.java:134)
	at java.base/java.util.ArrayList.forEach(ArrayList.java:1596)
	at org.testng.TestRunner.privateRun(TestRunner.java:739)
	at org.testng.TestRunner.run(TestRunner.java:614)
	at org.testng.SuiteRunner.runTest(SuiteRunner.java:421)
	at org.testng.SuiteRunner.runSequentially(SuiteRunner.java:413)
	at org.testng.SuiteRunner.privateRun(SuiteRunner.java:373)
	at org.testng.SuiteRunner.run(SuiteRunner.java:312)
	at org.testng.SuiteRunnerWorker.runSuite(SuiteRunnerWorker.java:52)
	at org.testng.SuiteRunnerWorker.run(SuiteRunnerWorker.java:95)
	at org.testng.TestNG.runSuitesSequentially(TestNG.java:1274)
	at org.testng.TestNG.runSuitesLocally(TestNG.java:1208)
	at org.testng.TestNG.runSuites(TestNG.java:1112)
	at org.testng.TestNG.run(TestNG.java:1079)
	at org.testng.remote.AbstractRemoteTestNG.run(AbstractRemoteTestNG.java:115)
	at org.testng.remote.RemoteTestNG.initAndRun(RemoteTestNG.java:293)
	at org.testng.remote.RemoteTestNG.main(RemoteTestNG.java:91)
</pre></div></td>
<td>23</td>
<td>testClasses.UsersPageTestClass@2f666ebb</td></tr>
</table><p>
</body>
</html>